<?xml version="1.0" encoding="UTF-8"?>
<!-- Generated by org.testng.reporters.JUnitReportReporter -->
<testsuite hostname="L-009688" name="test.NewTest" tests="1" failures="0" timestamp="3 Nov 2016 09:31:23 GMT" time="2.806" errors="0">
  <testcase name="f" time="2.806" classname="test.NewTest"/>
</testsuite> <!-- test.NewTest -->
