<?xml version="1.0" encoding="UTF-8"?>
<!-- Generated by org.testng.reporters.JUnitReportReporter -->
<testsuite skipped="0" hostname="WIN-M4ALLFSO9QO" name="test.TestDrugi" tests="1" failures="0" timestamp="25 Nov 2016 14:18:27 GMT" time="2.320" errors="0">
  <testcase name="test" time="2.320" classname="test.TestDrugi"/>
</testsuite> <!-- test.TestDrugi -->
