<?xml version="1.0" encoding="UTF-8"?>
<!-- Generated by org.testng.reporters.JUnitReportReporter -->
<testsuite skipped="0" hostname="WIN-M4ALLFSO9QO" name="test.TestPrvi" tests="1" failures="0" timestamp="25 Nov 2016 13:34:50 GMT" time="3.501" errors="0">
  <testcase name="f" time="3.501" classname="test.TestPrvi"/>
</testsuite> <!-- test.TestPrvi -->
