<?xml version="1.0" encoding="UTF-8"?>
<!-- Generated by org.testng.reporters.JUnitReportReporter -->
<testsuite hostname="L-009688" name="test.prvi.PrviTest" tests="1" failures="0" timestamp="3 Nov 2016 13:16:02 GMT" time="2.909" errors="0">
  <testcase name="f" time="2.909" classname="test.prvi.PrviTest"/>
</testsuite> <!-- test.prvi.PrviTest -->
